0 info it worked if it ends with ok
1 verbose cli [ '/usr/bin/node', '/usr/bin/npm', 'install', 'nib', '-g' ]
2 info using npm@1.4.28
3 info using node@v0.10.37
4 verbose node symlink /usr/bin/node
5 verbose cache add [ 'nib', null ]
6 verbose cache add name=undefined spec="nib" args=["nib",null]
7 verbose parsed url { protocol: null,
7 verbose parsed url   slashes: null,
7 verbose parsed url   auth: null,
7 verbose parsed url   host: null,
7 verbose parsed url   port: null,
7 verbose parsed url   hostname: null,
7 verbose parsed url   hash: null,
7 verbose parsed url   search: null,
7 verbose parsed url   query: null,
7 verbose parsed url   pathname: 'nib',
7 verbose parsed url   path: 'nib',
7 verbose parsed url   href: 'nib' }
8 silly lockFile ae909a05-nib nib
9 verbose lock nib /home/miguel/.npm/ae909a05-nib.lock
10 silly lockFile ae909a05-nib nib
11 silly lockFile ae909a05-nib nib
12 verbose addNamed [ 'nib', '' ]
13 verbose addNamed [ null, '*' ]
14 silly lockFile 30a48e40-nib nib@
15 verbose lock nib@ /home/miguel/.npm/30a48e40-nib.lock
16 silly addNameRange { name: 'nib', range: '*', hasData: false }
17 verbose request where is /nib
18 verbose request registry https://registry.npmjs.org/
19 verbose request id e272466e3d229d98
20 verbose url raw /nib
21 verbose url resolving [ 'https://registry.npmjs.org/', './nib' ]
22 verbose url resolved https://registry.npmjs.org/nib
23 verbose request where is https://registry.npmjs.org/nib
24 info trying registry request attempt 1 at 23:45:08
25 verbose etag "5A1Z279CQ01KGK8T45UI6DUTR"
26 http GET https://registry.npmjs.org/nib
27 http 304 https://registry.npmjs.org/nib
28 silly registry.get cb [ 304,
28 silly registry.get   { date: 'Sat, 28 Mar 2015 04:45:09 GMT',
28 silly registry.get     server: 'Apache',
28 silly registry.get     via: '1.1 varnish',
28 silly registry.get     'last-modified': 'Sat, 28 Mar 2015 04:45:09 GMT',
28 silly registry.get     'cache-control': 'max-age=60',
28 silly registry.get     etag: '"5A1Z279CQ01KGK8T45UI6DUTR"',
28 silly registry.get     age: '0',
28 silly registry.get     'x-served-by': 'cache-iad2139-IAD',
28 silly registry.get     'x-cache': 'HIT',
28 silly registry.get     'x-cache-hits': '1',
28 silly registry.get     'x-timer': 'S1427517909.476699,VS0,VE86',
28 silly registry.get     vary: 'Accept',
28 silly registry.get     'content-length': '0',
28 silly registry.get     'keep-alive': 'timeout=10, max=50',
28 silly registry.get     connection: 'Keep-Alive' } ]
29 verbose etag https://registry.npmjs.org/nib from cache
30 silly addNameRange number 2 { name: 'nib', range: '*', hasData: true }
31 silly addNameRange versions [ 'nib',
31 silly addNameRange   [ '0.0.1',
31 silly addNameRange     '0.0.2',
31 silly addNameRange     '0.0.3',
31 silly addNameRange     '0.0.4',
31 silly addNameRange     '0.0.5',
31 silly addNameRange     '0.0.6',
31 silly addNameRange     '0.0.7',
31 silly addNameRange     '0.0.8',
31 silly addNameRange     '0.1.0',
31 silly addNameRange     '0.2.0',
31 silly addNameRange     '0.3.0',
31 silly addNameRange     '0.3.1',
31 silly addNameRange     '0.3.2',
31 silly addNameRange     '0.4.0',
31 silly addNameRange     '0.4.1',
31 silly addNameRange     '0.5.0',
31 silly addNameRange     '0.6.0',
31 silly addNameRange     '0.7.0',
31 silly addNameRange     '0.7.1',
31 silly addNameRange     '0.8.1',
31 silly addNameRange     '0.8.2',
31 silly addNameRange     '0.9.0',
31 silly addNameRange     '0.9.1',
31 silly addNameRange     '0.9.2',
31 silly addNameRange     '1.0.0',
31 silly addNameRange     '1.0.1',
31 silly addNameRange     '1.0.2',
31 silly addNameRange     '1.0.3',
31 silly addNameRange     '1.0.4',
31 silly addNameRange     '1.1.0' ] ]
32 verbose addNamed [ 'nib', '1.1.0' ]
33 verbose addNamed [ '1.1.0', '1.1.0' ]
34 silly lockFile 08a8722b-nib-1-1-0 nib@1.1.0
35 verbose lock nib@1.1.0 /home/miguel/.npm/08a8722b-nib-1-1-0.lock
36 silly lockFile 08a8722b-nib-1-1-0 nib@1.1.0
37 silly lockFile 08a8722b-nib-1-1-0 nib@1.1.0
38 silly lockFile 30a48e40-nib nib@
39 silly lockFile 30a48e40-nib nib@
40 silly resolved [ { name: 'nib',
40 silly resolved     description: 'Stylus mixins and utilities',
40 silly resolved     version: '1.1.0',
40 silly resolved     license: 'MIT',
40 silly resolved     repository: { type: 'git', url: 'git://github.com/visionmedia/nib.git' },
40 silly resolved     dependencies: { stylus: '0.49.x' },
40 silly resolved     devDependencies: { connect: '1.x', jade: '0.22.0', mocha: '*', should: '*' },
40 silly resolved     author: { name: 'TJ Holowaychuk', email: 'tj@vision-media.ca' },
40 silly resolved     main: 'lib/nib.js',
40 silly resolved     engines: { node: '*' },
40 silly resolved     scripts: { test: 'mocha', 'test-server': 'node test/server.js' },
40 silly resolved     gitHead: '061612cf80110e53ef5a3749980e0bf4cdc124fa',
40 silly resolved     bugs: { url: 'https://github.com/visionmedia/nib/issues' },
40 silly resolved     homepage: 'https://github.com/visionmedia/nib',
40 silly resolved     _id: 'nib@1.1.0',
40 silly resolved     _shasum: '527c19662a10a2b565fe85e9b309d622aa7557d3',
40 silly resolved     _from: 'nib@',
40 silly resolved     _npmVersion: '1.4.28',
40 silly resolved     _npmUser: { name: 'slang800', email: 'slang800@gmail.com' },
40 silly resolved     maintainers: [ [Object], [Object] ],
40 silly resolved     dist:
40 silly resolved      { shasum: '527c19662a10a2b565fe85e9b309d622aa7557d3',
40 silly resolved        tarball: 'http://registry.npmjs.org/nib/-/nib-1.1.0.tgz' },
40 silly resolved     directories: {},
40 silly resolved     _resolved: 'https://registry.npmjs.org/nib/-/nib-1.1.0.tgz',
40 silly resolved     readme: 'ERROR: No README data found!' } ]
41 info install nib@1.1.0 into /usr/lib
42 info installOne nib@1.1.0
43 verbose lib/node_modules/nib unbuild
44 verbose tar unpack /home/miguel/.npm/nib/1.1.0/package.tgz
45 silly lockFile 9ab000f4-tar-usr-lib-node-modules-nib tar:///usr/lib/node_modules/nib
46 verbose lock tar:///usr/lib/node_modules/nib /home/miguel/.npm/9ab000f4-tar-usr-lib-node-modules-nib.lock
47 silly lockFile ef429322-miguel-npm-nib-1-1-0-package-tgz tar:///home/miguel/.npm/nib/1.1.0/package.tgz
48 verbose lock tar:///home/miguel/.npm/nib/1.1.0/package.tgz /home/miguel/.npm/ef429322-miguel-npm-nib-1-1-0-package-tgz.lock
49 silly gunzTarPerm modes [ '775', '664' ]
50 error Error: EACCES, mkdir '/usr/lib/node_modules/nib'
50 error  { [Error: EACCES, mkdir '/usr/lib/node_modules/nib']
50 error   errno: 3,
50 error   code: 'EACCES',
50 error   path: '/usr/lib/node_modules/nib',
50 error   fstream_type: 'Directory',
50 error   fstream_path: '/usr/lib/node_modules/nib',
50 error   fstream_class: 'DirWriter',
50 error   fstream_stack:
50 error    [ '/usr/lib/node_modules/npm/node_modules/fstream/lib/dir-writer.js:36:23',
50 error      '/usr/lib/node_modules/npm/node_modules/mkdirp/index.js:46:53',
50 error      'Object.oncomplete (fs.js:108:15)' ] }
51 error Please try running this command again as root/Administrator.
52 error System Linux 3.13.0-48-generic
53 error command "/usr/bin/node" "/usr/bin/npm" "install" "nib" "-g"
54 error cwd /media/miguel/Archivos/Copy/Source/monoku-test
55 error node -v v0.10.37
56 error npm -v 1.4.28
57 error path /usr/lib/node_modules/nib
58 error fstream_path /usr/lib/node_modules/nib
59 error fstream_type Directory
60 error fstream_class DirWriter
61 error code EACCES
62 error errno 3
63 error stack Error: EACCES, mkdir '/usr/lib/node_modules/nib'
64 error fstream_stack /usr/lib/node_modules/npm/node_modules/fstream/lib/dir-writer.js:36:23
64 error fstream_stack /usr/lib/node_modules/npm/node_modules/mkdirp/index.js:46:53
64 error fstream_stack Object.oncomplete (fs.js:108:15)
65 verbose exit [ 3, true ]
